[  0%] Built target actionlib_msgs_generate_messages_eus
[  0%] Built target actionlib_msgs_generate_messages_py
[  0%] Built target geometry_msgs_generate_messages_eus
[ 16%] Built target geometry_msgs_generate_messages_lisp
[ 16%] Built target nav_msgs_generate_messages_cpp
[ 16%] Built target geometry_msgs_generate_messages_nodejs
[ 16%] Built target std_msgs_generate_messages_nodejs
[ 33%] Built target nav_msgs_generate_messages_eus
[ 33%] Built target nav_msgs_generate_messages_nodejs
[ 33%] Built target std_msgs_generate_messages_cpp
[ 33%] Built target std_msgs_generate_messages_py
[ 33%] Built target std_msgs_generate_messages_lisp
[ 33%] Built target actionlib_msgs_generate_messages_nodejs
[ 33%] Built target mapbasetf
[ 33%] Built target actionlib_msgs_generate_messages_cpp
[ 33%] Built target nav_msgs_generate_messages_lisp
[ 33%] Built target geometry_msgs_generate_messages_cpp
[ 33%] Built target nav_msgs_generate_messages_py
[ 33%] Built target geometry_msgs_generate_messages_py
[ 33%] Built target actionlib_msgs_generate_messages_lisp
[ 33%] Built target std_msgs_generate_messages_eus
[ 66%] Built target move_object
[100%] Built target Odom_test
