[01m[K/home/asjklj/ai_robot_ranger_mini/src/rrt_exploration/src/local_rrt_detector.cpp:[m[K In function ‘[01m[Kint main(int, char**)[m[K’:
[01m[K/home/asjklj/ai_robot_ranger_mini/src/rrt_exploration/src/local_rrt_detector.cpp:78:48:[m[K [01;31m[Kerror: [m[Kcannot bind non-const lvalue reference of type ‘[01m[Kstd::__cxx11::basic_string<char>&[m[K’ to an rvalue of type ‘[01m[Kstd::__cxx11::basic_string<char>[m[K’
   78 |   ros::param::param<std::string>("/map_topic", [01;31m[K"/map"[m[K, "/map");
      |                                                [01;31m[K^~~~~~[m[K
In file included from [01m[K/usr/include/c++/9/string:55[m[K,
                 from [01m[K/opt/ros/noetic/include/ros/platform.h:38[m[K,
                 from [01m[K/opt/ros/noetic/include/ros/time.h:53[m[K,
                 from [01m[K/opt/ros/noetic/include/ros/ros.h:38[m[K,
                 from [01m[K/home/asjklj/ai_robot_ranger_mini/src/rrt_exploration/src/local_rrt_detector.cpp:1[m[K:
[01m[K/usr/include/c++/9/bits/basic_string.h:529:7:[m[K [01;36m[Knote: [m[K  after user-defined conversion: ‘[01m[Kstd::__cxx11::basic_string<_CharT, _Traits, _Alloc>::basic_string(const _CharT*, const _Alloc&) [with _CharT = char; _Traits = std::char_traits<char>; _Alloc = std::allocator<char>][m[K’
  529 |       [01;36m[Kbasic_string[m[K(const _CharT* __s, const _Alloc& __a = _Alloc())
      |       [01;36m[K^~~~~~~~~~~~[m[K
In file included from [01m[K/opt/ros/noetic/include/ros/ros.h:54[m[K,
                 from [01m[K/home/asjklj/ai_robot_ranger_mini/src/rrt_exploration/src/local_rrt_detector.cpp:1[m[K:
[01m[K/opt/ros/noetic/include/ros/param.h:619:46:[m[K [01;36m[Knote: [m[K  initializing argument 2 of ‘[01m[Kbool ros::param::param(const string&, T&, const T&) [with T = std::__cxx11::basic_string<char>; std::string = std::__cxx11::basic_string<char>][m[K’
  619 | bool param(const std::string& param_name, [01;36m[KT& param_val[m[K, const T& default_val)
      |                                           [01;36m[K~~~^~~~~~~~~[m[K
[01m[K/home/asjklj/ai_robot_ranger_mini/src/rrt_exploration/src/local_rrt_detector.cpp:79:50:[m[K [01;31m[Kerror: [m[Kcannot bind non-const lvalue reference of type ‘[01m[Kstd::__cxx11::basic_string<char>&[m[K’ to an rvalue of type ‘[01m[Kstd::__cxx11::basic_string<char>[m[K’
   79 |   ros::param::param<std::string>("/robot_frame", [01;31m[K"/base_link"[m[K, "/base_link");
      |                                                  [01;31m[K^~~~~~~~~~~~[m[K
In file included from [01m[K/usr/include/c++/9/string:55[m[K,
                 from [01m[K/opt/ros/noetic/include/ros/platform.h:38[m[K,
                 from [01m[K/opt/ros/noetic/include/ros/time.h:53[m[K,
                 from [01m[K/opt/ros/noetic/include/ros/ros.h:38[m[K,
                 from [01m[K/home/asjklj/ai_robot_ranger_mini/src/rrt_exploration/src/local_rrt_detector.cpp:1[m[K:
[01m[K/usr/include/c++/9/bits/basic_string.h:529:7:[m[K [01;36m[Knote: [m[K  after user-defined conversion: ‘[01m[Kstd::__cxx11::basic_string<_CharT, _Traits, _Alloc>::basic_string(const _CharT*, const _Alloc&) [with _CharT = char; _Traits = std::char_traits<char>; _Alloc = std::allocator<char>][m[K’
  529 |       [01;36m[Kbasic_string[m[K(const _CharT* __s, const _Alloc& __a = _Alloc())
      |       [01;36m[K^~~~~~~~~~~~[m[K
In file included from [01m[K/opt/ros/noetic/include/ros/ros.h:54[m[K,
                 from [01m[K/home/asjklj/ai_robot_ranger_mini/src/rrt_exploration/src/local_rrt_detector.cpp:1[m[K:
[01m[K/opt/ros/noetic/include/ros/param.h:619:46:[m[K [01;36m[Knote: [m[K  initializing argument 2 of ‘[01m[Kbool ros::param::param(const string&, T&, const T&) [with T = std::__cxx11::basic_string<char>; std::string = std::__cxx11::basic_string<char>][m[K’
  619 | bool param(const std::string& param_name, [01;36m[KT& param_val[m[K, const T& default_val)
      |                                           [01;36m[K~~~^~~~~~~~~[m[K
make[2]: *** [CMakeFiles/local_rrt_detector.dir/build.make:63：CMakeFiles/local_rrt_detector.dir/src/local_rrt_detector.cpp.o] 错误 1
make[1]: *** [CMakeFiles/Makefile2:210：CMakeFiles/local_rrt_detector.dir/all] 错误 2
make[1]: *** 正在等待未完成的任务....
make: *** [Makefile:141：all] 错误 2
