Not searching for unused variables given on the command line.
[36m--[0m The C compiler identification is GNU 9.4.0
[36m--[0m The CXX compiler identification is GNU 9.4.0
[36m--[0m Check for working C compiler: /usr/bin/cc
[36m--[0m Check for working C compiler: /usr/bin/cc -- works
[36m--[0m Detecting C compiler ABI info
[36m--[0m Detecting C compiler ABI info - done
[36m--[0m Detecting C compile features
[36m--[0m Detecting C compile features - done
[36m--[0m Check for working CXX compiler: /usr/bin/c++
[36m--[0m Check for working CXX compiler: /usr/bin/c++ -- works
[36m--[0m Detecting CXX compiler ABI info
[36m--[0m Detecting CXX compiler ABI info - done
[36m--[0m Detecting CXX compile features
[36m--[0m Detecting CXX compile features - done
[36m--[0m Found Boost: /usr/lib/x86_64-linux-gnu/cmake/Boost-1.71.0/BoostConfig.cmake (found version "1.71.0") found components: filesystem
[36m--[0m Found GeographicLib: /usr/lib/x86_64-linux-gnu
[36m--[0m Found OpenCV: /usr (found version "4.2.0")
[31m[1mCMake Error[0m at /home/asjklj/ai_robot_ranger_mini/src/ai_robot_practice_1/ai_robot_navigation/CMakeLists.txt:14 (find_package):
  By not providing "FindPCL.cmake" in CMAKE_MODULE_PATH this project has
  asked CMake to find a package configuration file provided by "PCL", but
  CMake did not find one.

  Could not find a package configuration file provided by "PCL" with any of
  the following names:

    PCLConfig.cmake
    pcl-config.cmake

  Add the installation prefix of "PCL" to CMAKE_PREFIX_PATH or set "PCL_DIR"
  to a directory containing one of the above files.  If "PCL" provides a
  separate development package or SDK, be sure it has been installed.


[36m--[0m Configuring incomplete, errors occurred!
See also "/home/asjklj/ai_robot_ranger_mini/build/ai_robot_navigation/CMakeFiles/CMakeOutput.log".
