[  0%] Built target tf2_msgs_generate_messages_nodejs
[  0%] Built target topic_tools_generate_messages_lisp
[  0%] Built target tf_generate_messages_cpp
[  0%] Built target geographic_msgs_generate_messages_nodejs
[  0%] Built target topic_tools_generate_messages_eus
[  0%] Built target actionlib_generate_messages_py
[  0%] Built target std_srvs_generate_messages_eus
[  0%] Built target topic_tools_generate_messages_nodejs
[  0%] Built target tf2_msgs_generate_messages_lisp
[  0%] Built target actionlib_generate_messages_nodejs
[  0%] Built target tf_generate_messages_nodejs
[  5%] Built target set_destination_client
[  5%] Built target std_srvs_generate_messages_lisp
[  5%] Built target std_srvs_generate_messages_nodejs
[  5%] Built target bond_generate_messages_lisp
[  5%] Built target bond_generate_messages_eus
[  5%] Built target nodelet_generate_messages_py
[  5%] Built target nodelet_generate_messages_eus
[  5%] Built target nodelet_generate_messages_nodejs
[ 18%] Built target pose_ekf_node
[ 18%] Built target nodelet_generate_messages_cpp
[ 27%] Built target gennodemap_node
[ 27%] Built target pcl_ros_gencfg
[ 27%] Built target dynamic_reconfigure_generate_messages_lisp
[ 27%] Built target dynamic_reconfigure_generate_messages_cpp
[ 27%] Built target tf2_msgs_generate_messages_cpp
[ 37%] Built target test_findpath
[ 37%] Built target bond_generate_messages_nodejs
[ 37%] Built target dynamic_reconfigure_gencfg
[ 37%] Built target pcl_msgs_generate_messages_py
[ 37%] Built target pcl_msgs_generate_messages_lisp
[ 37%] Built target pcl_msgs_generate_messages_nodejs
[ 37%] Built target uuid_msgs_generate_messages_nodejs
[ 37%] Built target pcl_msgs_generate_messages_cpp
[ 37%] Built target bond_generate_messages_py
[ 37%] Built target uuid_msgs_generate_messages_py
[ 37%] Built target geometry_msgs_generate_messages_py
[ 37%] Built target nav_msgs_generate_messages_lisp
[ 37%] Built target tf2_msgs_generate_messages_eus
[ 37%] Built target nav_msgs_generate_messages_eus
[ 37%] Built target sensor_msgs_generate_messages_py
[ 37%] Built target nodelet_generate_messages_lisp
[ 37%] Built target actionlib_msgs_generate_messages_eus
[ 37%] Built target geometry_msgs_generate_messages_eus
[ 37%] Built target nav_msgs_generate_messages_cpp
[ 37%] Built target rosgraph_msgs_generate_messages_lisp
[ 37%] Built target std_msgs_generate_messages_nodejs
[ 37%] Built target dynamic_reconfigure_generate_messages_py
[ 37%] Built target geometry_msgs_generate_messages_nodejs
[ 37%] Built target _catkin_empty_exported_target
[ 37%] Built target actionlib_generate_messages_lisp
[ 37%] Built target geometry_msgs_generate_messages_cpp
[ 37%] Built target tf_generate_messages_eus
[ 37%] Built target dynamic_reconfigure_generate_messages_eus
[ 37%] Built target std_msgs_generate_messages_py
[ 37%] Built target roscpp_generate_messages_lisp
[ 37%] Built target rosgraph_msgs_generate_messages_py
[ 37%] Built target actionlib_generate_messages_cpp
[ 37%] Built target bond_generate_messages_cpp
[ 37%] Built target tf2_msgs_generate_messages_py
[ 37%] Built target dynamic_reconfigure_generate_messages_nodejs
[ 37%] Built target ai_robot_interfaces_generate_messages_cpp
[ 37%] Built target mavros_msgs_generate_messages_cpp
[ 37%] Built target pcl_msgs_generate_messages_eus
[ 37%] Built target ai_robot_interfaces_generate_messages_py
[ 37%] Built target tf_generate_messages_lisp
[ 37%] Built target actionlib_msgs_generate_messages_cpp
[ 37%] Built target nav_msgs_generate_messages_py
[ 37%] Built target ai_robot_interfaces_generate_messages_eus
[ 37%] Built target ai_robot_interfaces_generate_messages_lisp
[ 37%] Built target std_msgs_generate_messages_lisp
[ 37%] Built target topic_tools_generate_messages_cpp
[ 37%] Built target std_srvs_generate_messages_cpp
[ 37%] Built target ai_robot_interfaces_generate_messages_nodejs
[ 37%] Built target tf_generate_messages_py
[ 37%] Built target geometry_msgs_generate_messages_lisp
[ 37%] Built target mavros_msgs_generate_messages_py
[ 37%] Built target std_msgs_generate_messages_eus
[ 37%] Built target nav_msgs_generate_messages_nodejs
[ 37%] Built target std_msgs_generate_messages_cpp
[ 37%] Built target sensor_msgs_generate_messages_cpp
[ 37%] Built target actionlib_msgs_generate_messages_nodejs
[ 37%] Built target rosgraph_msgs_generate_messages_eus
[ 37%] Built target std_srvs_generate_messages_py
[ 37%] Built target geographic_msgs_generate_messages_lisp
[ 37%] Built target roscpp_generate_messages_cpp
[ 37%] Built target topic_tools_generate_messages_py
[ 37%] Built target actionlib_msgs_generate_messages_lisp
[ 37%] Built target sensor_msgs_generate_messages_eus
[ 37%] Built target geographic_msgs_generate_messages_py
[ 37%] Built target nodelet_topic_tools_gencfg
[ 37%] Built target sensor_msgs_generate_messages_lisp
[ 37%] Built target sensor_msgs_generate_messages_nodejs
[ 37%] Built target uuid_msgs_generate_messages_cpp
[ 37%] Built target uuid_msgs_generate_messages_eus
[ 37%] Built target roscpp_generate_messages_eus
[ 37%] Built target actionlib_generate_messages_eus
[ 37%] Built target roscpp_generate_messages_py
[ 37%] Built target roscpp_generate_messages_nodejs
[ 37%] Built target rosgraph_msgs_generate_messages_cpp
[ 37%] Built target uuid_msgs_generate_messages_lisp
[ 37%] Built target mavros_msgs_generate_messages_eus
[ 37%] Built target geographic_msgs_generate_messages_cpp
[ 37%] Built target actionlib_msgs_generate_messages_py
[ 37%] Built target mavros_msgs_generate_messages_nodejs
[ 37%] Built target geographic_msgs_generate_messages_eus
[ 37%] Built target rosgraph_msgs_generate_messages_nodejs
[ 37%] Built target mavros_msgs_generate_messages_lisp
[ 43%] Built target pointcloud_viewer_node
[ 86%] Built target brain_node
[100%] Built target obsavoid_node
