Linked: (/home/asjklj/ai_robot_ranger_mini/devel/.private/ai_robot_interfaces/include/ai_robot_interfaces/TopoMetric.h, /home/asjklj/ai_robot_ranger_mini/devel/include/ai_robot_interfaces/TopoMetric.h)
Linked: (/home/asjklj/ai_robot_ranger_mini/devel/.private/ai_robot_interfaces/include/ai_robot_interfaces/MpTraj.h, /home/asjklj/ai_robot_ranger_mini/devel/include/ai_robot_interfaces/MpTraj.h)
Linked: (/home/asjklj/ai_robot_ranger_mini/devel/.private/ai_robot_interfaces/include/ai_robot_interfaces/set_destinationResponse.h, /home/asjklj/ai_robot_ranger_mini/devel/include/ai_robot_interfaces/set_destinationResponse.h)
Linked: (/home/asjklj/ai_robot_ranger_mini/devel/.private/ai_robot_interfaces/include/ai_robot_interfaces/restart_nav.h, /home/asjklj/ai_robot_ranger_mini/devel/include/ai_robot_interfaces/restart_nav.h)
Linked: (/home/asjklj/ai_robot_ranger_mini/devel/.private/ai_robot_interfaces/include/ai_robot_interfaces/set_destination.h, /home/asjklj/ai_robot_ranger_mini/devel/include/ai_robot_interfaces/set_destination.h)
Linked: (/home/asjklj/ai_robot_ranger_mini/devel/.private/ai_robot_interfaces/include/ai_robot_interfaces/restart_navRequest.h, /home/asjklj/ai_robot_ranger_mini/devel/include/ai_robot_interfaces/restart_navRequest.h)
Linked: (/home/asjklj/ai_robot_ranger_mini/devel/.private/ai_robot_interfaces/include/ai_robot_interfaces/restart_navResponse.h, /home/asjklj/ai_robot_ranger_mini/devel/include/ai_robot_interfaces/restart_navResponse.h)
Linked: (/home/asjklj/ai_robot_ranger_mini/devel/.private/ai_robot_interfaces/include/ai_robot_interfaces/set_destinationRequest.h, /home/asjklj/ai_robot_ranger_mini/devel/include/ai_robot_interfaces/set_destinationRequest.h)
Linked: (/home/asjklj/ai_robot_ranger_mini/devel/.private/ai_robot_interfaces/lib/pkgconfig/ai_robot_interfaces.pc, /home/asjklj/ai_robot_ranger_mini/devel/lib/pkgconfig/ai_robot_interfaces.pc)
Linked: (/home/asjklj/ai_robot_ranger_mini/devel/.private/ai_robot_interfaces/lib/python3/dist-packages/ai_robot_interfaces/__init__.py, /home/asjklj/ai_robot_ranger_mini/devel/lib/python3/dist-packages/ai_robot_interfaces/__init__.py)
Linked: (/home/asjklj/ai_robot_ranger_mini/devel/.private/ai_robot_interfaces/lib/python3/dist-packages/ai_robot_interfaces/srv/_restart_nav.py, /home/asjklj/ai_robot_ranger_mini/devel/lib/python3/dist-packages/ai_robot_interfaces/srv/_restart_nav.py)
Linked: (/home/asjklj/ai_robot_ranger_mini/devel/.private/ai_robot_interfaces/lib/python3/dist-packages/ai_robot_interfaces/srv/_set_destination.py, /home/asjklj/ai_robot_ranger_mini/devel/lib/python3/dist-packages/ai_robot_interfaces/srv/_set_destination.py)
Linked: (/home/asjklj/ai_robot_ranger_mini/devel/.private/ai_robot_interfaces/lib/python3/dist-packages/ai_robot_interfaces/srv/__init__.py, /home/asjklj/ai_robot_ranger_mini/devel/lib/python3/dist-packages/ai_robot_interfaces/srv/__init__.py)
Linked: (/home/asjklj/ai_robot_ranger_mini/devel/.private/ai_robot_interfaces/lib/python3/dist-packages/ai_robot_interfaces/msg/_TopoMetric.py, /home/asjklj/ai_robot_ranger_mini/devel/lib/python3/dist-packages/ai_robot_interfaces/msg/_TopoMetric.py)
Linked: (/home/asjklj/ai_robot_ranger_mini/devel/.private/ai_robot_interfaces/lib/python3/dist-packages/ai_robot_interfaces/msg/_MpTraj.py, /home/asjklj/ai_robot_ranger_mini/devel/lib/python3/dist-packages/ai_robot_interfaces/msg/_MpTraj.py)
Linked: (/home/asjklj/ai_robot_ranger_mini/devel/.private/ai_robot_interfaces/lib/python3/dist-packages/ai_robot_interfaces/msg/__init__.py, /home/asjklj/ai_robot_ranger_mini/devel/lib/python3/dist-packages/ai_robot_interfaces/msg/__init__.py)
Linked: (/home/asjklj/ai_robot_ranger_mini/devel/.private/ai_robot_interfaces/share/roseus/ros/ai_robot_interfaces/manifest.l, /home/asjklj/ai_robot_ranger_mini/devel/share/roseus/ros/ai_robot_interfaces/manifest.l)
Linked: (/home/asjklj/ai_robot_ranger_mini/devel/.private/ai_robot_interfaces/share/roseus/ros/ai_robot_interfaces/srv/restart_nav.l, /home/asjklj/ai_robot_ranger_mini/devel/share/roseus/ros/ai_robot_interfaces/srv/restart_nav.l)
Linked: (/home/asjklj/ai_robot_ranger_mini/devel/.private/ai_robot_interfaces/share/roseus/ros/ai_robot_interfaces/srv/set_destination.l, /home/asjklj/ai_robot_ranger_mini/devel/share/roseus/ros/ai_robot_interfaces/srv/set_destination.l)
Linked: (/home/asjklj/ai_robot_ranger_mini/devel/.private/ai_robot_interfaces/share/roseus/ros/ai_robot_interfaces/msg/TopoMetric.l, /home/asjklj/ai_robot_ranger_mini/devel/share/roseus/ros/ai_robot_interfaces/msg/TopoMetric.l)
Linked: (/home/asjklj/ai_robot_ranger_mini/devel/.private/ai_robot_interfaces/share/roseus/ros/ai_robot_interfaces/msg/MpTraj.l, /home/asjklj/ai_robot_ranger_mini/devel/share/roseus/ros/ai_robot_interfaces/msg/MpTraj.l)
Linked: (/home/asjklj/ai_robot_ranger_mini/devel/.private/ai_robot_interfaces/share/gennodejs/ros/ai_robot_interfaces/_index.js, /home/asjklj/ai_robot_ranger_mini/devel/share/gennodejs/ros/ai_robot_interfaces/_index.js)
Linked: (/home/asjklj/ai_robot_ranger_mini/devel/.private/ai_robot_interfaces/share/gennodejs/ros/ai_robot_interfaces/srv/set_destination.js, /home/asjklj/ai_robot_ranger_mini/devel/share/gennodejs/ros/ai_robot_interfaces/srv/set_destination.js)
Linked: (/home/asjklj/ai_robot_ranger_mini/devel/.private/ai_robot_interfaces/share/gennodejs/ros/ai_robot_interfaces/srv/restart_nav.js, /home/asjklj/ai_robot_ranger_mini/devel/share/gennodejs/ros/ai_robot_interfaces/srv/restart_nav.js)
Linked: (/home/asjklj/ai_robot_ranger_mini/devel/.private/ai_robot_interfaces/share/gennodejs/ros/ai_robot_interfaces/srv/_index.js, /home/asjklj/ai_robot_ranger_mini/devel/share/gennodejs/ros/ai_robot_interfaces/srv/_index.js)
Linked: (/home/asjklj/ai_robot_ranger_mini/devel/.private/ai_robot_interfaces/share/gennodejs/ros/ai_robot_interfaces/msg/_index.js, /home/asjklj/ai_robot_ranger_mini/devel/share/gennodejs/ros/ai_robot_interfaces/msg/_index.js)
Linked: (/home/asjklj/ai_robot_ranger_mini/devel/.private/ai_robot_interfaces/share/gennodejs/ros/ai_robot_interfaces/msg/TopoMetric.js, /home/asjklj/ai_robot_ranger_mini/devel/share/gennodejs/ros/ai_robot_interfaces/msg/TopoMetric.js)
Linked: (/home/asjklj/ai_robot_ranger_mini/devel/.private/ai_robot_interfaces/share/gennodejs/ros/ai_robot_interfaces/msg/MpTraj.js, /home/asjklj/ai_robot_ranger_mini/devel/share/gennodejs/ros/ai_robot_interfaces/msg/MpTraj.js)
Linked: (/home/asjklj/ai_robot_ranger_mini/devel/.private/ai_robot_interfaces/share/ai_robot_interfaces/cmake/ai_robot_interfacesConfig-version.cmake, /home/asjklj/ai_robot_ranger_mini/devel/share/ai_robot_interfaces/cmake/ai_robot_interfacesConfig-version.cmake)
Linked: (/home/asjklj/ai_robot_ranger_mini/devel/.private/ai_robot_interfaces/share/ai_robot_interfaces/cmake/ai_robot_interfaces-msg-extras.cmake, /home/asjklj/ai_robot_ranger_mini/devel/share/ai_robot_interfaces/cmake/ai_robot_interfaces-msg-extras.cmake)
Linked: (/home/asjklj/ai_robot_ranger_mini/devel/.private/ai_robot_interfaces/share/ai_robot_interfaces/cmake/ai_robot_interfacesConfig.cmake, /home/asjklj/ai_robot_ranger_mini/devel/share/ai_robot_interfaces/cmake/ai_robot_interfacesConfig.cmake)
Linked: (/home/asjklj/ai_robot_ranger_mini/devel/.private/ai_robot_interfaces/share/ai_robot_interfaces/cmake/ai_robot_interfaces-msg-paths.cmake, /home/asjklj/ai_robot_ranger_mini/devel/share/ai_robot_interfaces/cmake/ai_robot_interfaces-msg-paths.cmake)
Linked: (/home/asjklj/ai_robot_ranger_mini/devel/.private/ai_robot_interfaces/share/common-lisp/ros/ai_robot_interfaces/srv/_package.lisp, /home/asjklj/ai_robot_ranger_mini/devel/share/common-lisp/ros/ai_robot_interfaces/srv/_package.lisp)
Linked: (/home/asjklj/ai_robot_ranger_mini/devel/.private/ai_robot_interfaces/share/common-lisp/ros/ai_robot_interfaces/srv/ai_robot_interfaces-srv.asd, /home/asjklj/ai_robot_ranger_mini/devel/share/common-lisp/ros/ai_robot_interfaces/srv/ai_robot_interfaces-srv.asd)
Linked: (/home/asjklj/ai_robot_ranger_mini/devel/.private/ai_robot_interfaces/share/common-lisp/ros/ai_robot_interfaces/srv/restart_nav.lisp, /home/asjklj/ai_robot_ranger_mini/devel/share/common-lisp/ros/ai_robot_interfaces/srv/restart_nav.lisp)
Linked: (/home/asjklj/ai_robot_ranger_mini/devel/.private/ai_robot_interfaces/share/common-lisp/ros/ai_robot_interfaces/srv/_package_restart_nav.lisp, /home/asjklj/ai_robot_ranger_mini/devel/share/common-lisp/ros/ai_robot_interfaces/srv/_package_restart_nav.lisp)
Linked: (/home/asjklj/ai_robot_ranger_mini/devel/.private/ai_robot_interfaces/share/common-lisp/ros/ai_robot_interfaces/srv/set_destination.lisp, /home/asjklj/ai_robot_ranger_mini/devel/share/common-lisp/ros/ai_robot_interfaces/srv/set_destination.lisp)
Linked: (/home/asjklj/ai_robot_ranger_mini/devel/.private/ai_robot_interfaces/share/common-lisp/ros/ai_robot_interfaces/srv/_package_set_destination.lisp, /home/asjklj/ai_robot_ranger_mini/devel/share/common-lisp/ros/ai_robot_interfaces/srv/_package_set_destination.lisp)
Linked: (/home/asjklj/ai_robot_ranger_mini/devel/.private/ai_robot_interfaces/share/common-lisp/ros/ai_robot_interfaces/msg/_package.lisp, /home/asjklj/ai_robot_ranger_mini/devel/share/common-lisp/ros/ai_robot_interfaces/msg/_package.lisp)
Linked: (/home/asjklj/ai_robot_ranger_mini/devel/.private/ai_robot_interfaces/share/common-lisp/ros/ai_robot_interfaces/msg/ai_robot_interfaces-msg.asd, /home/asjklj/ai_robot_ranger_mini/devel/share/common-lisp/ros/ai_robot_interfaces/msg/ai_robot_interfaces-msg.asd)
Linked: (/home/asjklj/ai_robot_ranger_mini/devel/.private/ai_robot_interfaces/share/common-lisp/ros/ai_robot_interfaces/msg/TopoMetric.lisp, /home/asjklj/ai_robot_ranger_mini/devel/share/common-lisp/ros/ai_robot_interfaces/msg/TopoMetric.lisp)
Linked: (/home/asjklj/ai_robot_ranger_mini/devel/.private/ai_robot_interfaces/share/common-lisp/ros/ai_robot_interfaces/msg/_package_TopoMetric.lisp, /home/asjklj/ai_robot_ranger_mini/devel/share/common-lisp/ros/ai_robot_interfaces/msg/_package_TopoMetric.lisp)
Linked: (/home/asjklj/ai_robot_ranger_mini/devel/.private/ai_robot_interfaces/share/common-lisp/ros/ai_robot_interfaces/msg/MpTraj.lisp, /home/asjklj/ai_robot_ranger_mini/devel/share/common-lisp/ros/ai_robot_interfaces/msg/MpTraj.lisp)
Linked: (/home/asjklj/ai_robot_ranger_mini/devel/.private/ai_robot_interfaces/share/common-lisp/ros/ai_robot_interfaces/msg/_package_MpTraj.lisp, /home/asjklj/ai_robot_ranger_mini/devel/share/common-lisp/ros/ai_robot_interfaces/msg/_package_MpTraj.lisp)
