[  0%] Built target sensor_msgs_generate_messages_cpp
[  0%] Built target geometry_msgs_generate_messages_cpp
[  0%] Built target nav_msgs_generate_messages_nodejs
[  0%] Built target geometry_msgs_generate_messages_py
[  0%] Built target std_msgs_generate_messages_cpp
[  0%] Built target nav_msgs_generate_messages_py
[  0%] Built target sensor_msgs_generate_messages_py
[  0%] Built target std_msgs_generate_messages_py
[  0%] Built target std_msgs_generate_messages_nodejs
[  0%] Built target nav_msgs_generate_messages_cpp
[  0%] Built target geometry_msgs_generate_messages_nodejs
[  0%] Built target sensor_msgs_generate_messages_nodejs
[  0%] Built target std_msgs_generate_messages_lisp
[  0%] Built target sensor_msgs_generate_messages_lisp
[  0%] Built target geometry_msgs_generate_messages_lisp
[  0%] Built target sensor_msgs_generate_messages_eus
[  0%] Built target nav_msgs_generate_messages_lisp
[  0%] Built target std_msgs_generate_messages_eus
[  0%] Built target geometry_msgs_generate_messages_eus
[  0%] Built target nav_msgs_generate_messages_eus
[  0%] Built target _ai_robot_interfaces_generate_messages_check_deps_MpTraj
[  0%] Built target _ai_robot_interfaces_generate_messages_check_deps_set_destination
[  0%] Built target _ai_robot_interfaces_generate_messages_check_deps_restart_nav
[  0%] Built target _ai_robot_interfaces_generate_messages_check_deps_TopoMetric
[ 17%] Built target ai_robot_interfaces_generate_messages_nodejs
[ 52%] Built target ai_robot_interfaces_generate_messages_cpp
[ 52%] Built target ai_robot_interfaces_generate_messages_lisp
[ 73%] Built target ai_robot_interfaces_generate_messages_eus
[100%] Built target ai_robot_interfaces_generate_messages_py
[100%] Built target ai_robot_interfaces_generate_messages
