Linked: (/home/asjklj/ai_robot_ranger_mini/devel/.private/teb_local_planner/include/teb_local_planner/TebLocalPlannerReconfigureConfig.h, /home/asjklj/ai_robot_ranger_mini/devel/include/teb_local_planner/TebLocalPlannerReconfigureConfig.h)
Linked: (/home/asjklj/ai_robot_ranger_mini/devel/.private/teb_local_planner/include/teb_local_planner/TrajectoryPointMsg.h, /home/asjklj/ai_robot_ranger_mini/devel/include/teb_local_planner/TrajectoryPointMsg.h)
Linked: (/home/asjklj/ai_robot_ranger_mini/devel/.private/teb_local_planner/include/teb_local_planner/TrajectoryMsg.h, /home/asjklj/ai_robot_ranger_mini/devel/include/teb_local_planner/TrajectoryMsg.h)
Linked: (/home/asjklj/ai_robot_ranger_mini/devel/.private/teb_local_planner/include/teb_local_planner/FeedbackMsg.h, /home/asjklj/ai_robot_ranger_mini/devel/include/teb_local_planner/FeedbackMsg.h)
Linked: (/home/asjklj/ai_robot_ranger_mini/devel/.private/teb_local_planner/lib/libteb_local_planner.so, /home/asjklj/ai_robot_ranger_mini/devel/lib/libteb_local_planner.so)
Linked: (/home/asjklj/ai_robot_ranger_mini/devel/.private/teb_local_planner/lib/pkgconfig/teb_local_planner.pc, /home/asjklj/ai_robot_ranger_mini/devel/lib/pkgconfig/teb_local_planner.pc)
Linked: (/home/asjklj/ai_robot_ranger_mini/devel/.private/teb_local_planner/lib/teb_local_planner/test_optim_node, /home/asjklj/ai_robot_ranger_mini/devel/lib/teb_local_planner/test_optim_node)
Linked: (/home/asjklj/ai_robot_ranger_mini/devel/.private/teb_local_planner/lib/teb_local_planner/testTEB, /home/asjklj/ai_robot_ranger_mini/devel/lib/teb_local_planner/testTEB)
Linked: (/home/asjklj/ai_robot_ranger_mini/devel/.private/teb_local_planner/lib/python3/dist-packages/teb_local_planner/__init__.py, /home/asjklj/ai_robot_ranger_mini/devel/lib/python3/dist-packages/teb_local_planner/__init__.py)
Linked: (/home/asjklj/ai_robot_ranger_mini/devel/.private/teb_local_planner/lib/python3/dist-packages/teb_local_planner/cfg/__init__.py, /home/asjklj/ai_robot_ranger_mini/devel/lib/python3/dist-packages/teb_local_planner/cfg/__init__.py)
Linked: (/home/asjklj/ai_robot_ranger_mini/devel/.private/teb_local_planner/lib/python3/dist-packages/teb_local_planner/cfg/TebLocalPlannerReconfigureConfig.py, /home/asjklj/ai_robot_ranger_mini/devel/lib/python3/dist-packages/teb_local_planner/cfg/TebLocalPlannerReconfigureConfig.py)
Linked: (/home/asjklj/ai_robot_ranger_mini/devel/.private/teb_local_planner/lib/python3/dist-packages/teb_local_planner/msg/_TrajectoryMsg.py, /home/asjklj/ai_robot_ranger_mini/devel/lib/python3/dist-packages/teb_local_planner/msg/_TrajectoryMsg.py)
Linked: (/home/asjklj/ai_robot_ranger_mini/devel/.private/teb_local_planner/lib/python3/dist-packages/teb_local_planner/msg/__init__.py, /home/asjklj/ai_robot_ranger_mini/devel/lib/python3/dist-packages/teb_local_planner/msg/__init__.py)
Linked: (/home/asjklj/ai_robot_ranger_mini/devel/.private/teb_local_planner/lib/python3/dist-packages/teb_local_planner/msg/_TrajectoryPointMsg.py, /home/asjklj/ai_robot_ranger_mini/devel/lib/python3/dist-packages/teb_local_planner/msg/_TrajectoryPointMsg.py)
Linked: (/home/asjklj/ai_robot_ranger_mini/devel/.private/teb_local_planner/lib/python3/dist-packages/teb_local_planner/msg/_FeedbackMsg.py, /home/asjklj/ai_robot_ranger_mini/devel/lib/python3/dist-packages/teb_local_planner/msg/_FeedbackMsg.py)
Linked: (/home/asjklj/ai_robot_ranger_mini/devel/.private/teb_local_planner/share/roseus/ros/teb_local_planner/manifest.l, /home/asjklj/ai_robot_ranger_mini/devel/share/roseus/ros/teb_local_planner/manifest.l)
Linked: (/home/asjklj/ai_robot_ranger_mini/devel/.private/teb_local_planner/share/roseus/ros/teb_local_planner/msg/TrajectoryMsg.l, /home/asjklj/ai_robot_ranger_mini/devel/share/roseus/ros/teb_local_planner/msg/TrajectoryMsg.l)
Linked: (/home/asjklj/ai_robot_ranger_mini/devel/.private/teb_local_planner/share/roseus/ros/teb_local_planner/msg/TrajectoryPointMsg.l, /home/asjklj/ai_robot_ranger_mini/devel/share/roseus/ros/teb_local_planner/msg/TrajectoryPointMsg.l)
Linked: (/home/asjklj/ai_robot_ranger_mini/devel/.private/teb_local_planner/share/roseus/ros/teb_local_planner/msg/FeedbackMsg.l, /home/asjklj/ai_robot_ranger_mini/devel/share/roseus/ros/teb_local_planner/msg/FeedbackMsg.l)
Linked: (/home/asjklj/ai_robot_ranger_mini/devel/.private/teb_local_planner/share/gennodejs/ros/teb_local_planner/_index.js, /home/asjklj/ai_robot_ranger_mini/devel/share/gennodejs/ros/teb_local_planner/_index.js)
Linked: (/home/asjklj/ai_robot_ranger_mini/devel/.private/teb_local_planner/share/gennodejs/ros/teb_local_planner/msg/_index.js, /home/asjklj/ai_robot_ranger_mini/devel/share/gennodejs/ros/teb_local_planner/msg/_index.js)
Linked: (/home/asjklj/ai_robot_ranger_mini/devel/.private/teb_local_planner/share/gennodejs/ros/teb_local_planner/msg/FeedbackMsg.js, /home/asjklj/ai_robot_ranger_mini/devel/share/gennodejs/ros/teb_local_planner/msg/FeedbackMsg.js)
Linked: (/home/asjklj/ai_robot_ranger_mini/devel/.private/teb_local_planner/share/gennodejs/ros/teb_local_planner/msg/TrajectoryMsg.js, /home/asjklj/ai_robot_ranger_mini/devel/share/gennodejs/ros/teb_local_planner/msg/TrajectoryMsg.js)
Linked: (/home/asjklj/ai_robot_ranger_mini/devel/.private/teb_local_planner/share/gennodejs/ros/teb_local_planner/msg/TrajectoryPointMsg.js, /home/asjklj/ai_robot_ranger_mini/devel/share/gennodejs/ros/teb_local_planner/msg/TrajectoryPointMsg.js)
Linked: (/home/asjklj/ai_robot_ranger_mini/devel/.private/teb_local_planner/share/teb_local_planner/cmake/teb_local_plannerConfig.cmake, /home/asjklj/ai_robot_ranger_mini/devel/share/teb_local_planner/cmake/teb_local_plannerConfig.cmake)
Linked: (/home/asjklj/ai_robot_ranger_mini/devel/.private/teb_local_planner/share/teb_local_planner/cmake/teb_local_planner-msg-extras.cmake, /home/asjklj/ai_robot_ranger_mini/devel/share/teb_local_planner/cmake/teb_local_planner-msg-extras.cmake)
Linked: (/home/asjklj/ai_robot_ranger_mini/devel/.private/teb_local_planner/share/teb_local_planner/cmake/teb_local_planner-msg-paths.cmake, /home/asjklj/ai_robot_ranger_mini/devel/share/teb_local_planner/cmake/teb_local_planner-msg-paths.cmake)
Linked: (/home/asjklj/ai_robot_ranger_mini/devel/.private/teb_local_planner/share/teb_local_planner/cmake/teb_local_plannerConfig-version.cmake, /home/asjklj/ai_robot_ranger_mini/devel/share/teb_local_planner/cmake/teb_local_plannerConfig-version.cmake)
Linked: (/home/asjklj/ai_robot_ranger_mini/devel/.private/teb_local_planner/share/teb_local_planner/docs/TebLocalPlannerReconfigureConfig-usage.dox, /home/asjklj/ai_robot_ranger_mini/devel/share/teb_local_planner/docs/TebLocalPlannerReconfigureConfig-usage.dox)
Linked: (/home/asjklj/ai_robot_ranger_mini/devel/.private/teb_local_planner/share/teb_local_planner/docs/TebLocalPlannerReconfigureConfig.wikidoc, /home/asjklj/ai_robot_ranger_mini/devel/share/teb_local_planner/docs/TebLocalPlannerReconfigureConfig.wikidoc)
Linked: (/home/asjklj/ai_robot_ranger_mini/devel/.private/teb_local_planner/share/teb_local_planner/docs/TebLocalPlannerReconfigureConfig.dox, /home/asjklj/ai_robot_ranger_mini/devel/share/teb_local_planner/docs/TebLocalPlannerReconfigureConfig.dox)
Linked: (/home/asjklj/ai_robot_ranger_mini/devel/.private/teb_local_planner/share/common-lisp/ros/teb_local_planner/msg/teb_local_planner-msg.asd, /home/asjklj/ai_robot_ranger_mini/devel/share/common-lisp/ros/teb_local_planner/msg/teb_local_planner-msg.asd)
Linked: (/home/asjklj/ai_robot_ranger_mini/devel/.private/teb_local_planner/share/common-lisp/ros/teb_local_planner/msg/_package_FeedbackMsg.lisp, /home/asjklj/ai_robot_ranger_mini/devel/share/common-lisp/ros/teb_local_planner/msg/_package_FeedbackMsg.lisp)
Linked: (/home/asjklj/ai_robot_ranger_mini/devel/.private/teb_local_planner/share/common-lisp/ros/teb_local_planner/msg/TrajectoryPointMsg.lisp, /home/asjklj/ai_robot_ranger_mini/devel/share/common-lisp/ros/teb_local_planner/msg/TrajectoryPointMsg.lisp)
Linked: (/home/asjklj/ai_robot_ranger_mini/devel/.private/teb_local_planner/share/common-lisp/ros/teb_local_planner/msg/_package.lisp, /home/asjklj/ai_robot_ranger_mini/devel/share/common-lisp/ros/teb_local_planner/msg/_package.lisp)
Linked: (/home/asjklj/ai_robot_ranger_mini/devel/.private/teb_local_planner/share/common-lisp/ros/teb_local_planner/msg/FeedbackMsg.lisp, /home/asjklj/ai_robot_ranger_mini/devel/share/common-lisp/ros/teb_local_planner/msg/FeedbackMsg.lisp)
Linked: (/home/asjklj/ai_robot_ranger_mini/devel/.private/teb_local_planner/share/common-lisp/ros/teb_local_planner/msg/_package_TrajectoryPointMsg.lisp, /home/asjklj/ai_robot_ranger_mini/devel/share/common-lisp/ros/teb_local_planner/msg/_package_TrajectoryPointMsg.lisp)
Linked: (/home/asjklj/ai_robot_ranger_mini/devel/.private/teb_local_planner/share/common-lisp/ros/teb_local_planner/msg/_package_TrajectoryMsg.lisp, /home/asjklj/ai_robot_ranger_mini/devel/share/common-lisp/ros/teb_local_planner/msg/_package_TrajectoryMsg.lisp)
Linked: (/home/asjklj/ai_robot_ranger_mini/devel/.private/teb_local_planner/share/common-lisp/ros/teb_local_planner/msg/TrajectoryMsg.lisp, /home/asjklj/ai_robot_ranger_mini/devel/share/common-lisp/ros/teb_local_planner/msg/TrajectoryMsg.lisp)
