[  0%] Built target geometry_msgs_generate_messages_nodejs
[  0%] Built target costmap_converter_generate_messages_cpp
[  3%] Built target teb_local_planner_gencfg
[  3%] Built target std_msgs_generate_messages_cpp
[  3%] Built target std_msgs_generate_messages_nodejs
[  3%] Built target geometry_msgs_generate_messages_eus
[  3%] Built target geometry_msgs_generate_messages_cpp
[  3%] Built target costmap_converter_generate_messages_eus
[  3%] Built target costmap_converter_generate_messages_py
[  3%] Built target std_msgs_generate_messages_py
[  3%] Built target geometry_msgs_generate_messages_lisp
[  3%] Built target std_msgs_generate_messages_eus
[  3%] Built target std_msgs_generate_messages_lisp
[  3%] Built target geometry_msgs_generate_messages_py
[  3%] Built target costmap_converter_generate_messages_nodejs
[  3%] Built target costmap_converter_generate_messages_lisp
[  3%] Built target _teb_local_planner_generate_messages_check_deps_TrajectoryPointMsg
[  3%] Built target _teb_local_planner_generate_messages_check_deps_TrajectoryMsg
[  3%] Built target _teb_local_planner_generate_messages_check_deps_FeedbackMsg
[ 12%] Built target teb_local_planner_generate_messages_cpp
[ 25%] Built target teb_local_planner_generate_messages_py
[ 46%] Built target teb_local_planner_generate_messages_eus
[ 46%] Built target teb_local_planner_generate_messages_nodejs
[ 56%] Built target teb_local_planner_generate_messages_lisp
[ 56%] Built target teb_local_planner_generate_messages
[ 87%] Built target teb_local_planner
[ 93%] Built target testTEB
[100%] Built target test_optim_node
