[  0%] Built target topic_tools_generate_messages_lisp
[  0%] Built target sensor_msgs_generate_messages_nodejs
[  0%] Built target bond_generate_messages_py
[  0%] Built target topic_tools_generate_messages_eus
[  0%] Built target bond_generate_messages_nodejs
[  0%] Built target bond_generate_messages_lisp
[  0%] Built target nodelet_generate_messages_nodejs
[  4%] Built target move_base_gencfg
[  4%] Built target pcl_ros_gencfg
[  4%] Built target ai_robot_interfaces_generate_messages_py
[  4%] Built target pcl_msgs_generate_messages_py
[  4%] Built target topic_tools_generate_messages_nodejs
[  4%] Built target pcl_msgs_generate_messages_nodejs
[  4%] Built target bond_generate_messages_eus
[  4%] Built target nodelet_generate_messages_cpp
[  4%] Built target nodelet_generate_messages_eus
[  4%] Built target pcl_msgs_generate_messages_lisp
[  4%] Built target pcl_msgs_generate_messages_cpp
[  4%] Built target nodelet_generate_messages_py
[  4%] Built target pcl_msgs_generate_messages_eus
[  4%] Built target visualization_msgs_generate_messages_py
[  4%] Built target std_srvs_generate_messages_nodejs
[  4%] Built target nav_msgs_generate_messages_cpp
[  4%] Built target nav_msgs_generate_messages_eus
[  4%] Built target visualization_msgs_generate_messages_eus
[  4%] Built target std_srvs_generate_messages_eus
[  4%] Built target visualization_msgs_generate_messages_nodejs
[  4%] Built target ai_robot_interfaces_generate_messages_nodejs
[  4%] Built target ai_robot_interfaces_generate_messages_eus
[  4%] Built target std_srvs_generate_messages_lisp
[  4%] Built target navfn_generate_messages_eus
[  4%] Built target visualization_msgs_generate_messages_lisp
[  4%] Built target navfn_generate_messages_nodejs
[  4%] Built target topic_tools_generate_messages_cpp
[  4%] Built target nav_msgs_generate_messages_lisp
[  4%] Built target map_msgs_generate_messages_lisp
[  4%] Built target map_msgs_generate_messages_nodejs
[  4%] Built target map_msgs_generate_messages_cpp
[  4%] Built target tf2_msgs_generate_messages_nodejs
[  4%] Built target tf2_msgs_generate_messages_lisp
[  4%] Built target roscpp_generate_messages_cpp
[  4%] Built target roscpp_generate_messages_eus
[  4%] Built target geometry_msgs_generate_messages_eus
[  4%] Built target actionlib_msgs_generate_messages_py
[  4%] Built target std_msgs_generate_messages_py
[  4%] Built target roscpp_generate_messages_nodejs
[  4%] Built target topic_tools_generate_messages_py
[  4%] Built target rosgraph_msgs_generate_messages_nodejs
[  4%] Built target nodelet_generate_messages_lisp
[  4%] Built target navfn_generate_messages_py
[  4%] Built target ai_robot_interfaces_generate_messages_cpp
[  4%] Built target actionlib_generate_messages_cpp
[  4%] Built target std_msgs_generate_messages_cpp
[  4%] Built target rosgraph_msgs_generate_messages_lisp
[  4%] Built target navfn_generate_messages_cpp
[  4%] Built target tf_generate_messages_eus
[  4%] Built target std_msgs_generate_messages_nodejs
[  4%] Built target actionlib_generate_messages_py
[  4%] Built target costmap_2d_generate_messages_cpp
[  4%] Built target actionlib_generate_messages_lisp
[  4%] Built target map_msgs_generate_messages_eus
[  4%] Built target _catkin_empty_exported_target
[  4%] Built target roscpp_generate_messages_lisp
[  4%] Built target rosgraph_msgs_generate_messages_cpp
[  4%] Built target navfn_generate_messages_lisp
[  4%] Built target map_msgs_generate_messages_py
[  4%] Built target actionlib_generate_messages_eus
[  4%] Built target std_msgs_generate_messages_eus
[  4%] Built target actionlib_generate_messages_nodejs
[  4%] Built target costmap_2d_generate_messages_lisp
[  4%] Built target actionlib_msgs_generate_messages_nodejs
[  4%] Built target actionlib_msgs_generate_messages_eus
[  4%] Built target rosgraph_msgs_generate_messages_py
[  4%] Built target roscpp_generate_messages_py
[  4%] Built target tf_generate_messages_py
[  4%] Built target std_srvs_generate_messages_py
[  4%] Built target rosgraph_msgs_generate_messages_eus
[  4%] Built target actionlib_msgs_generate_messages_lisp
[  4%] Built target actionlib_msgs_generate_messages_cpp
[  4%] Built target dynamic_reconfigure_generate_messages_py
[  4%] Built target std_srvs_generate_messages_cpp
[  4%] Built target tf2_msgs_generate_messages_eus
[  4%] Built target geometry_msgs_generate_messages_py
[  4%] Built target std_msgs_generate_messages_lisp
[  4%] Built target sensor_msgs_generate_messages_py
[  4%] Built target dynamic_reconfigure_generate_messages_cpp
[  4%] Built target ai_robot_interfaces_generate_messages_lisp
[  4%] Built target costmap_2d_gencfg
[  4%] Built target costmap_2d_generate_messages_py
[  4%] Built target nav_msgs_generate_messages_py
[  4%] Built target costmap_2d_generate_messages_nodejs
[  4%] Built target tf2_msgs_generate_messages_cpp
[  4%] Built target dynamic_reconfigure_gencfg
[  4%] Built target dynamic_reconfigure_generate_messages_lisp
[  4%] Built target tf2_msgs_generate_messages_py
[  4%] Built target tf_generate_messages_lisp
[  4%] Built target dynamic_reconfigure_generate_messages_nodejs
[  4%] Built target costmap_2d_generate_messages_eus
[  4%] Built target bond_generate_messages_cpp
[  4%] Built target nav_msgs_generate_messages_nodejs
[  4%] Built target geometry_msgs_generate_messages_lisp
[  4%] Built target tf_generate_messages_cpp
[  4%] Built target tf_generate_messages_nodejs
[  4%] Built target geometry_msgs_generate_messages_cpp
[  4%] Built target nodelet_topic_tools_gencfg
[  4%] Built target sensor_msgs_generate_messages_cpp
[  4%] Built target dynamic_reconfigure_generate_messages_eus
[  4%] Built target geometry_msgs_generate_messages_nodejs
[  4%] Built target visualization_msgs_generate_messages_cpp
[  4%] Built target sensor_msgs_generate_messages_lisp
[  4%] Built target sensor_msgs_generate_messages_eus
[ 22%] Built target obs_avoid
[ 22%] Built target move_base
[ 31%] Built target move_base_node
[100%] Built target ai_robot_modify
